<?xml version="1.0" encoding="UTF-8"?>
<testng-results ignored="0" total="1" passed="1" failed="0" skipped="0">
  <reporter-output>
  </reporter-output>
  <suite started-at="2026-02-02T02:08:44 IST" name="Surefire suite" finished-at="2026-02-02T02:09:14 IST" duration-ms="29416">
    <groups>
    </groups>
    <test started-at="2026-02-02T02:08:44 IST" name="Surefire test" finished-at="2026-02-02T02:09:14 IST" duration-ms="29416">
      <class name="tests.PlaceOrderTest">
        <test-method is-config="true" signature="setUpSuite()[pri:0, instance:tests.PlaceOrderTest@2532b351]" started-at="2026-02-02T02:08:44 IST" name="setUpSuite" finished-at="2026-02-02T02:08:44 IST" duration-ms="430" status="PASS">
          <reporter-output>
          </reporter-output>
        </test-method> <!-- setUpSuite -->
        <test-method is-config="true" signature="beforeClass()[pri:0, instance:tests.PlaceOrderTest@2532b351]" started-at="2026-02-02T02:08:44 IST" name="beforeClass" finished-at="2026-02-02T02:08:44 IST" duration-ms="1" status="PASS">
          <reporter-output>
          </reporter-output>
        </test-method> <!-- beforeClass -->
        <test-method is-config="true" signature="setUp(java.lang.String,java.lang.String)[pri:0, instance:tests.PlaceOrderTest@2532b351]" started-at="2026-02-02T02:08:44 IST" name="setUp" finished-at="2026-02-02T02:08:46 IST" duration-ms="2136" status="PASS">
          <params>
            <param index="0">
              <value>
                <![CDATA[chrome]]>
              </value>
            </param>
            <param index="1">
              <value>
                <![CDATA[false]]>
              </value>
            </param>
          </params>
          <reporter-output>
          </reporter-output>
        </test-method> <!-- setUp -->
        <test-method signature="testCompleteBugAThonFlow()[pri:0, instance:tests.PlaceOrderTest@2532b351]" started-at="2026-02-02T02:08:47 IST" name="testCompleteBugAThonFlow" finished-at="2026-02-02T02:09:13 IST" duration-ms="26374" status="PASS">
          <reporter-output>
          </reporter-output>
        </test-method> <!-- testCompleteBugAThonFlow -->
        <test-method is-config="true" signature="tearDown()[pri:0, instance:tests.PlaceOrderTest@2532b351]" started-at="2026-02-02T02:09:13 IST" name="tearDown" finished-at="2026-02-02T02:09:13 IST" duration-ms="284" status="PASS">
          <reporter-output>
          </reporter-output>
        </test-method> <!-- tearDown -->
        <test-method is-config="true" signature="afterClass()[pri:0, instance:tests.PlaceOrderTest@2532b351]" started-at="2026-02-02T02:09:13 IST" name="afterClass" finished-at="2026-02-02T02:09:14 IST" duration-ms="334" status="PASS">
          <reporter-output>
          </reporter-output>
        </test-method> <!-- afterClass -->
        <test-method is-config="true" signature="tearDownSuite()[pri:0, instance:tests.PlaceOrderTest@2532b351]" started-at="2026-02-02T02:09:14 IST" name="tearDownSuite" finished-at="2026-02-02T02:09:14 IST" duration-ms="51" status="PASS">
          <reporter-output>
          </reporter-output>
        </test-method> <!-- tearDownSuite -->
      </class> <!-- tests.PlaceOrderTest -->
    </test> <!-- Surefire test -->
  </suite> <!-- Surefire suite -->
</testng-results>
