<?xml version="1.0" encoding="UTF-8"?>
<testsuite xmlns:xsi="http://www.w3.org/2001/XMLSchema-instance" xsi:noNamespaceSchemaLocation="https://maven.apache.org/surefire/maven-surefire-plugin/xsd/surefire-test-report-3.0.xsd" version="3.0" name="tests.DebugSidebar" time="29.472" tests="1" errors="0" skipped="0" failures="0">
  <properties>
[...]
</properties>
  <testcase name="debugSidebarStructure" classname="tests.DebugSidebar" time="19.772">
    <system-out><![CDATA[2026-02-01 20:41:27 INFO  WebDriverManager:1220 - Using chromedriver 144.0.7559.109 (resolved driver for Chrome 144)
2026-02-01 20:41:27 INFO  WebDriverManager:1282 - Exporting webdriver.chrome.driver as C:\Users\SEC\.cache\selenium\chromedriver\win64\144.0.7559.109\chromedriver.exe

========== SIDEBAR DEBUG ==========
URL: https://app.hyrenet.in/dashboard

=== Elements containing 'Q-Library' ===
Count: 0

=== Elements containing 'Template' ===
Count: 2
Tag: span, Text: 'Template'
Displayed: true
Tag: p, Text: ''
Displayed: false

=== Elements containing 'Test' ===
Count: 3
Tag: span, Text: 'Test'
Displayed: true
Tag: p, Text: ''
Displayed: false
Tag: p, Text: ''
Displayed: false
]]></system-out>
    <system-err><![CDATA[Feb 01, 2026 8:41:29 PM org.openqa.selenium.devtools.CdpVersionFinder findNearestMatch
WARNING: Unable to find an exact match for CDP version 144, returning the closest version; found: 142; Please update to a Selenium version that supports CDP version 144
]]></system-err>
  </testcase>
</testsuite>